5.38015
5.38015
5.38015
3.08732
3.08732
3.08732
3.08732
3.08732
3.08732
3.08732
3.08732
3.08732
3.08732
2.77452
2.77452
2.77452
2.77452
2.77452
2.77452
2.77452
2.77452
2.77452
2.77452
2.77452
2.77452
2.05018
2.05018
2.05018
2.05018
1.01852
1.01852
1.01852
1.01852
1.01852
0.228348
0.228348
0.228348
0.228348
0.228348
0.228348
0.228348
0.228348
0.228348
0.228348
0.228348
0.228348
0.228348
0.228348
0.228348
0.228348
0.228348
0.228348
0.228348
0.228348
0.228348
0.228348
0.228348
0.228348
0.228348
0.228348
0.228348
0.228348
0.228348
0.228348
0.228348
0.228348
0.228348
0.228348
0.228348
0.228348
0.228348
0.228348
0.228348
0.228348
0.228348
0.228348
0.228348
0.228348
0.228348
0.228348
0.228348
0.228348
0.228348
0.228348
0.228348
0.228348
0.228348
0.228348
0.228348
0.228348
0.228348
0.228348
0.228348
0.228348
0.228348
0.228348
0.22292
0.217616
0.208773
0.199219
0.199219
0.199219
0.117563
0.117563
0.117563
0.117563
0.117563
0.117563
0.117563
0.117563
0.0920458
0.0920458
0.0920458
0.0920458
0.0920458
0.0920458
0.0920458
0.0920458
0.0920458
0.0920458
0.0612885
0.0612885
0.0612885
0.0612885
0.0612885
0.0612885
0.0612885
0.0612885
0.0612885
0.0612885
0.0612885
0.0612885
0.0612885
0.0563597
0.0563597
0.0563597
0.0541067
0.0541067
0.0520013
0.0505286
0.0499439
0.0456883
0.0456883
0.0468196
0.0433786
0.042335
0.0418354
0.0410266
0.0389327
0.0359631
0.0359631
0.0348725
0.0345965
0.0345965
0.0338298
0.0325331
0.0325331
0.0282776
0.0281323
0.0281323
0.0281323
0.0280225
0.027335
0.027335
0.027335
0.0233945
0.0222933
0.0222933
0.0222933
0.0222933
0.0206448
0.0206448
0.0193694
0.0193694
0.0193694
0.0186235
0.0177116
0.0171961
0.0171961
0.0117099
0.0117099
0.0117099
0.0117099
0.0117099
0.0117099
0.0117099
0.0117099
0.0117099
0.0117099
0.0117099
0.011515
0.0117099
0.0113634
0.0105136
0.0105136
0.0103715
0.00987096
0.00938989
0.00938989
0.00938989
0.00888338
0.00867157
0.00867157
0.00838962
0.00838962
0.00819466
0.00771991
0.00752259
0.00752259
0.00720582
0.00719588
0.00719588
0.00704412
0.00640864
0.00640864
0.00626115
0.00590721
0.00590721
0.00590721
0.00590721
0.00590242
0.00590242
0.00548288
0.00537141
0.00530551
0.00529785
0.00512396
0.00512396
0.00515266
0.00473519
0.00455462
0.00454804
0.00454804
0.00454222
0.00449627
0.00454222
0.00413761
0.00410483
0.00391737
0.00391737
0.00391737
0.00391737
0.00395126
0.00366029
0.00366029
0.00364561
0.00357188
0.00347794
0.00342144
0.00342144
0.00331719
0.00328026
0.00328026
0.00321622
0.00321622
0.00311924
0.00307641
0.00298618
0.00298618
0.00298618
0.00291454
0.00291454
0.0028825
0.00289528
0.00274487
0.00261943
0.00261943
0.00261943
0.00261943
0.00259548
0.00259548
0.00252431
0.00252431
0.00248794
0.00248794
0.00249296
0.00244606
0.00236876
0.00236876
0.00235043
0.00234674
0.00233523
0.00234674
0.00230593
0.00225482
0.00219151
0.00219151
0.00219151
0.00219151
0.00219151
0.00219151
0.00214932
0.00212977
0.00211321
0.00209824
0.00212977
0.00209899
0.00205638
0.00205638
0.00204987
0.00203308
0.00202344
0.00200738
0.00200738
0.00199426
0.00195138
0.00195138
0.00195138
0.00195138
0.00195138
0.00192307
0.00192307
0.00192307
0.00192159
0.00191146
0.00192159
0.00189582
0.00189466
0.00187205
0.00186792
0.00186792
0.00186769
0.00186769
0.00183131
0.00183131
0.00183131
0.00183131
0.00182355
0.00182355
0.00182885
0.00176093
0.00170641
0.00151009
0.00151009
0.00151009
0.00151009
0.00151009
0.00151009
0.00151009
0.00151009
0.00151009
0.00151009
0.00151009
0.00151009
0.00151009
0.00151009
0.00151009
0.00151009
0.00151009
0.00151009
0.00151009
0.00151009
0.00151009
0.00151009
0.00151009
0.00145525
0.00145525
0.00145525
0.00141263
0.00141263
0.00141263
0.00141263
0.00141263
0.00141263
0.00132435
0.00132435
0.00132435
0.00132435
0.00132435
0.00132435
0.00132435
0.00132435
0.00132435
0.00132435
0.00129588
0.00129588
0.00129588
0.00129588
0.00129588
0.00127084
0.00127084
0.00127084
0.00127084
0.00121777
0.00121777
0.00121777
0.00121777
0.00120296
0.00120296
0.00120296
0.00118163
0.00118163
0.00112071
0.00112071
0.00112071
0.00112071
0.00112071
0.00107661
0.00107661
0.00107661
0.00107661
0.00107661
0.00107661
0.00107661
0.00107661
0.0010066
0.000962888
0.000962888
0.000962888
0.000962888
0.000962888
0.000962888
0.000918316
0.000918316
0.000918316
0.000918316
0.000918316
0.000918316
0.000918316
0.000875286
0.000875286
0.000875286
0.00083929
0.000811918
0.000811918
0.000811918
0.000763218
0.000743328
0.000743328
0.000700472
0.000700472
0.000700472
0.000622254
0.000622254
0.000622254
0.000622254
0.000608902
0.000608902
0.000608902
0.000559082
0.000559082
0.000559082
0.000520919
0.000509158
0.00049837
0.000415957
0.000415957
0.000415957
0.000415957
0.000403681
0.000403681
0.000402267
0.00029219
0.00029219
0.00029219
0.00029219
0.00029219
0.00029219
0.00029219
0.00029219
0.00029219
0.00029069
0.00029219
0.00021493
0.00021493
0.00021493
0.00021493
0.000167856
0.000167856
0.000167856
0.000167856
0.000167856
0.000143453
9.80619e-05
