279.156
164.366
164.366
125.398
124.428
124.428
124.428
124.428
124.428
124.428
124.428
124.428
116.057
116.057
114.464
114.464
114.464
94.18
85.243
85.243
85.243
85.243
85.243
85.243
85.243
85.243
85.243
75.6663
75.6663
75.6663
75.6663
56.3732
56.3732
56.3732
50.1262
50.1262
50.1262
50.1262
56.3732
56.3732
56.3732
56.3732
37.469
23.5736
23.5736
23.5736
19.3382
19.3382
10.595
10.595
10.595
10.595
10.595
10.595
10.595
10.595
10.595
5.41
5.41
5.41
5.41
5.41
5.41
5.41
5.41
5.41
5.41
5.41
1.91654
1.91654
1.91654
1.91654
1.91654
1.91654
1.91654
1.91654
1.91654
1.91654
1.91654
1.91654
1.91654
1.91654
1.91654
1.91654
1.91654
1.91654
1.91654
1.91654
1.91654
1.91654
1.91654
1.91654
1.91654
1.91654
1.91654
1.91654
1.91654
1.91654
1.91654
1.91654
1.91654
1.89534
1.85898
1.80315
1.80262
1.80262
1.72588
1.68197
1.59638
1.59638
1.58615
1.58615
1.58615
1.57068
1.49287
1.44986
1.44036
1.36505
1.36505
1.36505
1.36505
1.34008
1.30223
1.30223
1.30223
1.26583
1.26583
1.1814
1.1814
1.1814
1.1814
1.15961
1.1592
1.13862
1.1592
1.04437
1.04437
1.04437
1.03798
1.03798
1.00861
1.00861
0.983881
0.945635
0.945635
0.934691
0.934691
0.897731
0.896674
0.896674
0.894723
0.894723
0.894723
0.862942
0.826872
0.819446
0.819446
0.811579
0.802164
0.811579
0.80462
0.770029
0.770029
0.758645
0.758645
0.756872
0.748219
0.756872
0.728474
0.723966
0.722507
0.71099
0.71099
0.705195
0.717978
0.696237
0.679816
0.679816
0.679816
0.679354
0.668536
0.668536
0.654505
0.654505
0.64927
0.645986
0.645986
0.645973
0.641321
0.645973
0.633156
0.630943
0.625002
0.620285
0.620044
0.619488
0.613204
0.601303
0.601303
0.590312
0.590312
0.590312
0.590312
0.590312
0.585787
0.585787
0.585529
0.583819
0.583608
0.579825
0.576835
0.576835
0.573389
0.573106
0.570874
0.570817
0.568029
0.566071
0.566071
0.563405
0.563134
0.560538
0.560538
0.558608
0.557464
0.557464
0.555363
0.555126
0.552599
0.552198
0.551087
0.550571
0.550571
0.548884
0.548692
0.546193
0.545577
0.545083
0.545045
0.545045
0.543663
0.543518
0.541084
0.54033
0.540293
0.540293
0.540293
0.539456
0.539357
0.537011
0.537011
0.53621
0.53621
0.53621
0.536064
0.536007
0.534081
0.533804
0.533368
0.533368
0.532986
0.532986
0.532986
0.531726
0.53125
0.53125
0.5309
0.5309
0.5309
0.530457
0.52983
0.52983
0.529236
0.529236
0.529236
0.528959
0.528459
0.528303
0.528303
0.527886
0.527848
0.527626
0.527413
0.526884
0.526884
0.526884
0.526725
0.526672
0.526347
0.526184
0.526059
0.526059
0.525662
0.525662
0.525662
0.525332
0.525207
0.525207
0.525207
0.525014
0.524954
0.524709
0.524527
0.524527
0.524527
0.524314
0.524314
0.524314
0.524197
0.52408
0.523864
0.523864
0.523864
0.523808
0.523744
0.5237
0.523574
0.523457
0.523574
0.523309
0.523309
0.523288
0.523288
0.523168
0.523072
0.523168
0.522968
0.522872
0.522872
0.522872
0.522841
0.522763
0.522872
0.522707
0.522672
0.522629
0.522527
0.522527
0.522514
0.522514
0.522455
0.522455
0.522324
0.522324
0.52217
0.52217
0.52217
0.52217
0.522168
0.522168
0.522141
0.522132
0.522141
0.522097
0.522019
0.521998
0.521998
0.521994
0.521985
0.521994
0.521949
0.52191
0.521887
0.521863
0.521863
0.521863
0.521863
0.521831
0.521814
0.521773
0.521761
0.521761
0.521761
0.521761
0.521735
0.521712
0.521701
0.521689
0.521685
0.521685
0.521689
0.521659
0.521652
0.521637
0.521622
0.521622
0.521617
0.521622
0.521599
0.521588
0.521588
0.521576
0.521552
0.521447
0.521447
0.521447
0.521447
0.521447
0.521447
0.521447
0.521447
0.521447
0.521447
0.521447
0.521447
0.521447
0.521447
0.521447
0.521447
0.521447
0.521447
0.521447
0.521447
0.521447
0.521446
0.521446
0.521438
0.521437
0.521437
0.521429
0.521429
0.521426
0.521424
0.521417
0.521417
0.52142
0.52142
0.521406
0.521406
0.521406
0.521406
0.521406
0.521401
0.521401
0.521401
0.521395
0.521395
0.521389
0.521389
0.521389
0.521389
0.521395
0.521395
0.521395
0.521395
0.521395
0.521395
0.521395
0.521395
0.521395
0.521395
0.521395
0.521395
0.521395
0.521395
0.521395
0.521395
0.521395
0.521395
0.521395
0.521395
0.521395
0.521395
0.521395
0.521395
0.521395
0.521395
0.521395
0.521395
0.521395
0.521395
0.521395
0.521395
0.521395
0.521395
0.521395
0.521395
0.521395
0.521395
0.521395
0.521395
0.521395
0.521395
0.521395
0.521395
0.521395
0.521395
0.521395
0.521395
0.521395
0.521395
0.521395
0.521395
0.521395
0.521395
0.521395
0.521395
0.521395
0.521395
0.521395
0.521395
0.521395
0.521395
0.521395
0.521395
0.521395
0.521395
0.521395
0.521395
0.521395
0.521395
0.521395
0.521395
0.521395
0.521395
0.521395
0.521395
0.521395
0.521395
0.521395
0.521395
0.521395
0.521395
0.521395
0.521395
0.521395
0.521395
0.521395
0.521395
0.521395
0.521395
0.521395
0.521395
0.521395
0.521395
0.521395
0.521395
0.521395
0.521395
0.521395
0.521395
0.521395
0.521395
0.521395
0.521395
0.521395
0.521395
0.521395
0.521395
0.521395
0.521395
0.521395
0.521395
0.521395
0.521395
0.521395
0.521395
0.521395
0.521395
0.521395
0.521395
0.521395
0.521395
0.521395
0.521395
0.521395
0.521395
0.521395
0.521395
0.521395
0.521395
0.521395
0.521395
0.521395
0.521395
0.521395
0.521395
0.521395
0.521395
0.521395
0.521395
0.521395
0.521395
0.521395
0.521395
0.521395
0.521395
0.521395
0.521395
0.521395
0.521395
0.521395
0.521395
0.521395
0.521395
0.521395
0.521395
0.521395
0.521395
0.521395
0.521395
0.521395
0.521395
0.521395
0.521395
0.521395
0.521395
0.521395
0.521395
0.521395
0.521395
0.521395
0.521395
0.521395
0.521395
0.521395
0.521395
0.521395
0.521395
0.521395
0.521395
0.521395
0.521395
0.521395
0.521395
0.521395
0.521395
0.521395
0.521395
0.521395
0.521395
0.521395
0.521395
0.521395
0.521395
0.521395
0.521395
0.521395
0.521395
0.521395
0.521395
0.521395
0.521395
0.521395
0.521395
0.521395
0.521395
0.521395
0.521395
0.521395
0.521395
0.521395
0.521395
0.521395
0.521395
0.521395
0.521395
0.521395
0.521395
0.521395
0.521395
0.521395
0.521395
0.521395
0.521395
0.521395
0.521395
0.521395
0.521395
0.521395
0.521395
0.521395
0.521395
0.521395
0.521395
0.521395
0.521395
0.521395
0.521395
0.521395
0.521395
0.521395
0.521395
0.521395
0.521395
0.521395
0.521395
0.521395
0.521395
0.521395
0.521395
0.521395
0.521395
0.521395
0.521395
0.521395
0.521395
0.521395
0.521395
0.521395
0.521395
0.521395
0.521395
0.521395
0.521395
0.521395
0.521395
0.521395
0.521395
0.521156
0.521156
0.521156
0.521156
0.521156
0.521156
0.521156
0.521156
0.521156
0.521156
0.521156
0.521156
0.521156
0.521156
0.521156
0.521156
0.521156
0.521156
0.520929
0.520929
0.520929
0.520929
0.520929
0.520929
0.520929
0.520929
0.520929
0.520929
0.520891
0.520579
0.520579
0.520579
0.520579
0.520579
0.520579
0.520579
0.520579
0.520579
0.520579
0.520579
0.520579
0.520579
0.520579
0.520579
0.520579
0.520579
0.520579
0.520579
0.520579
0.520579
0.520579
0.520579
0.520579
0.520579
0.520579
0.520579
0.520579
0.520503
0.520503
0.520503
0.520503
0.520503
0.520503
0.520503
0.520503
0.520503
0.520503
0.520503
0.520503
0.520503
0.520503
0.520503
0.520503
0.520503
0.520503
0.520503
0.5205
0.5205
0.5205
0.5205
0.520491
0.520478
0.520478
0.520478
0.520478
0.520478
0.52047
0.52046
0.52046
0.52046
0.52046
0.52046
0.52046
0.520458
0.520458
0.520458
0.520458
0.520458
0.520458
0.520443
0.520443
0.520443
0.520443
0.520443
0.520434
0.520434
0.520434
0.520428
0.520428
0.520416
0.520413
0.520403
0.520403
0.520403
0.520388
0.520388
0.520388
0.520388
0.520388
0.520388
0.520388
0.520388
0.520388
0.520388
0.520388
0.520388
0.520388
0.520388
0.520388
0.520388
0.520388
0.520388
0.520388
0.520388
0.520388
0.520374
0.520359
0.520359
0.520359
0.520359
0.520347
0.520347
0.520347
0.520323
0.520323
0.520323
0.520323
0.520293
0.520293
0.520293
0.520293
0.520293
0.520277
0.520277
0.520277
0.520277
0.520251
0.520251
0.520251
0.520251
0.520251
0.520251
0.520251
0.520251
0.520243
0.520243
0.520237
0.520209
0.520209
0.520209
0.520209
0.520208
0.520202
0.520202
0.520196
0.520159
0.520159
0.520159
0.520159
0.520159
0.520141
0.520141
0.520141
0.520113
0.520113
0.520099
0.520084
0.520084
0.520069
0.520063
0.520063
0.520063
0.520063
0.520063
0.520039
0.520039
0.520012
0.520004
0.519999
0.519984
0.519984
0.51997
0.519929
0.519929
0.519918
0.519896
0.519879
0.519879
0.519879
0.519858
0.519817
0.519802
0.519799
0.519778
0.519738
0.519738
0.519738
0.519694
0.519691
0.519648
0.519616
0.519616
0.519589
0.519589
0.519556
0.519507
0.519507
0.519469
0.519456
0.519419
0.519419
0.519365
0.51936
0.519316
0.519293
0.519245
0.519222
0.519222
0.519245
0.519118
0.519109
0.519041
0.519041
0.518998
0.518972
0.519054
0.518899
0.518852
0.518809
0.51874
0.51874
0.518702
0.51874
0.518566
0.518566
0.51851
0.51851
0.51843
0.518368
0.51843
0.51843
0.518267
0.518238
0.518095
0.518095
0.518095
0.518051
0.518095
0.517984
0.517847
0.517847
0.517796
0.517751
0.517662
0.517662
0.517751
0.517592
0.517507
0.517419
0.517374
0.51736
0.517279
0.517237
0.517237
0.517042
0.517004
0.517004
0.516976
0.516929
0.516885
0.516885
0.516804
0.516728
0.516728
0.516728
0.516704
0.516704
0.516638
0.516638
0.516638
0.516638
0.516638
0.516638
0.516638
0.516638
0.516638
0.516626
0.516523
0.516523
0.516523
0.516523
0.516523
0.516523
0.516523
0.516523
0.516523
0.516523
0.516523
0.516523
0.516459
0.516459
0.516459
0.516459
0.516459
0.516459
0.516459
0.516459
0.516459
0.516459
0.516459
0.516459
0.516459
0.516459
0.516459
0.516459
0.516459
0.516459
0.516425
0.516425
0.516425
0.516416
0.516416
0.516416
0.516416
0.516416
0.516416
0.516416
0.516416
0.516416
0.516416
0.516408
0.516408
0.516408
0.516393
0.516393
0.516393
0.516393
0.516393
0.516393
0.516393
0.516393
0.516393
0.516393
0.516393
0.516393
0.516374
0.516374
0.516374
0.516374
0.516374
0.516364
0.516364
0.516364
0.516356
0.516356
0.516356
0.516356
0.516356
0.516356
0.516341
0.516341
0.516341
0.516341
0.516341
0.516336
0.516336
0.516336
0.516336
0.516336
0.516336
0.516336
0.516336
0.516336
0.516336
0.516336
0.516336
0.516336
0.516336
0.516336
0.516336
0.516338
0.516338
0.516333
0.516333
0.516333
0.516333
0.516333
0.516333
0.516333
0.516333
0.516333
0.516333
0.516333
0.516333
0.516333
0.516333
0.516333
0.516333
0.516333
0.516333
0.516333
0.516333
0.516333
0.516333
0.516333
0.516333
0.516333
0.516333
0.516333
0.516333
0.516333
0.516333
0.516333
0.516333
0.516333
0.516333
0.516333
0.516333
0.516333
0.516333
0.516333
0.516333
0.516333
0.516333
0.516333
0.516333
0.516333
0.516333
0.516333
0.516333
0.516333
0.516333
0.516333
0.516333
0.516333
0.516333
0.516333
0.516333
0.516333
0.516333
0.516333
0.516333
0.516333
0.516333
0.516333
0.516333
0.516333
0.516333
0.516333
0.516333
0.516333
0.516333
0.516333
0.516333
0.516333
0.516333
0.516333
0.516333
0.516333
0.516333
0.516333
0.516333
0.516333
0.516333
0.516333
0.516333
0.516333
0.516333
0.516333
0.516333
0.516333
0.516333
0.516333
0.516333
0.516333
0.516333
0.516333
0.516333
0.516333
0.516333
0.516333
0.516333
0.516333
0.516333
0.516333
0.516333
0.516333
0.516333
0.516333
0.516333
0.516333
0.516333
0.516333
0.516333
0.516333
0.516333
0.516333
0.516333
0.516333
0.516333
0.516333
0.516333
0.516333
0.516333
0.516333
0.516333
0.516333
0.516333
0.516333
0.516333
0.516333
0.516333
0.516333
0.516333
0.516333
0.516333
0.516333
0.516333
0.516333
0.516333
0.516333
0.516333
0.516333
0.516333
0.516333
0.516333
0.516333
0.516333
0.516333
0.516333
0.516333
0.516333
0.516333
0.516333
0.516333
0.516333
0.516333
0.516333
0.516333
0.516333
0.516333
0.516333
0.516333
0.516333
0.516333
0.516333
0.516333
0.516333
0.516333
0.516333
0.516333
0.516333
0.516333
0.516333
0.516333
0.516333
0.516333
0.516333
0.516333
0.516333
0.516333
0.516333
0.516333
0.516333
0.516333
0.516333
0.516333
0.516333
0.516333
0.516333
0.516333
0.516333
0.516333
0.516333
0.516333
0.516333
0.516333
0.516333
0.516333
0.516333
0.516333
0.516333
0.516333
0.516333
0.516333
0.516333
0.516333
0.516333
0.516333
0.516333
0.516333
0.516333
0.516333
0.516333
0.516333
0.516333
0.516333
0.516333
0.516333
0.516333
0.516333
0.516333
0.516333
0.516333
0.516333
0.516333
0.516333
0.516333
0.516333
0.516333
0.516333
0.516333
0.516333
0.516333
0.516333
0.516333
0.516333
0.516333
0.516333
0.516333
0.516333
0.516333
0.516333
0.516333
0.516333
0.516333
0.516333
0.516333
0.516333
0.516333
0.516333
0.516333
0.516333
0.516333
0.516333
0.516333
0.516333
0.516333
0.516333
0.516333
0.516333
0.516333
0.516333
0.516333
0.516333
0.516333
0.516333
0.516333
0.516333
0.516333
0.516333
0.516333
0.516333
0.516333
0.516333
0.516333
0.516333
0.516333
0.516333
0.516333
0.516333
0.516333
0.516333
0.516333
0.516333
0.516333
0.516333
0.516333
0.516333
0.516333
0.516333
0.516333
0.516333
0.516333
0.516333
0.516333
0.516333
0.516333
0.516333
0.516333
0.516333
0.516333
0.516333
0.516333
0.516333
0.516333
0.516333
0.516333
0.516333
0.516333
0.516333
0.516333
0.516333
0.516328
0.516327
0.516327
0.516323
0.516323
0.516322
0.516321
0.51632
0.516318
0.516318
0.516318
0.516318
0.516318
0.516318
0.516318
0.516318
0.516318
0.516318
0.516318
0.516318
0.516318
0.516318
0.516318
0.516318
0.516318
0.516318
0.516318
0.516318
0.516318
0.516318
0.516318
0.516318
0.516318
0.516318
0.516318
0.516318
0.516318
0.516318
0.516318
0.516318
0.516318
0.516318
0.516318
0.516318
0.516318
0.516318
0.516318
0.516318
0.516318
0.516318
0.516318
0.516318
0.516318
0.516318
0.516318
0.516318
0.516318
0.516318
0.516318
0.516318
0.516318
0.516318
0.516318
0.516318
0.516318
0.516318
0.516318
0.516318
0.516318
0.516318
0.516318
0.516318
0.516318
0.516318
0.516318
0.516318
0.516318
0.516318
0.516318
0.516318
0.516318
0.516318
0.516318
0.516318
0.516318
0.516318
0.516318
0.516318
0.516318
0.516318
0.516318
0.516318
0.516318
0.516318
0.516318
0.516318
0.516318
0.516318
0.516318
0.516318
0.516318
0.516318
0.516318
0.516318
0.516318
0.516318
0.516318
0.516318
0.516318
0.516318
0.516318
0.516318
0.516318
0.516318
0.516318
0.516318
0.516318
0.516318
0.516318
0.516318
0.516318
0.516318
0.516318
0.516318
0.516318
0.516318
0.516318
0.516318
0.516318
0.516318
0.516318
0.516318
0.516318
0.516318
0.516318
0.516318
0.516318
0.516318
0.516318
0.516318
0.516318
0.516318
0.516318
0.516318
0.516318
0.516318
0.516318
0.516318
0.516318
0.516318
0.516318
0.516318
0.516318
0.516318
0.516318
0.516318
0.516318
0.516318
0.516318
0.516318
0.516318
0.516318
0.516318
0.516318
0.516318
0.516318
0.516318
0.516318
0.516318
0.516318
0.516318
0.516318
0.516318
0.516318
0.516318
0.516318
0.516318
0.516318
0.516318
0.516318
0.516318
0.516318
0.516318
0.516318
0.516318
0.516318
0.516318
0.516318
0.516318
0.516318
0.516318
0.516318
0.516318
0.516318
0.516318
0.516318
0.516318
0.516318
0.516318
0.516318
0.516318
0.516318
0.516318
0.516318
0.516318
0.516318
0.516318
0.516318
0.516318
0.516318
0.516318
0.516318
0.516318
0.516318
0.516318
0.516318
0.516318
0.516318
0.516318
0.516318
0.516318
0.516318
0.516318
0.516318
0.516318
0.516318
0.516318
0.516318
0.516318
0.516318
0.516318
0.516318
0.516318
0.516318
0.516318
0.516318
0.516318
0.516318
0.516318
0.516318
0.516318
0.516318
0.516318
0.516318
0.516318
0.516318
0.516318
0.516318
0.516318
0.516318
0.516318
0.516318
0.516318
0.516318
0.516318
0.516318
0.516318
0.516318
0.516318
0.516318
0.516318
0.516318
0.516318
0.516318
0.516318
0.516318
0.516318
0.516318
0.516318
0.516318
0.516318
0.516318
0.516318
0.516318
0.516318
0.516318
0.516318
0.516318
0.516318
0.516318
0.516318
0.516318
0.516318
0.516318
0.516318
0.516318
0.516318
0.516318
0.516318
0.516318
0.516318
0.516318
0.516318
0.516318
0.516318
0.516318
0.516318
0.516318
0.516318
0.516318
0.516318
0.51626
0.51626
0.51626
0.51626
0.51626
0.51626
0.51626
0.51626
0.51626
0.51626
0.51626
0.51626
0.51626
0.51626
0.51626
0.51626
0.51626
0.516257
0.516257
0.516257
0.516257
0.516257
0.516257
0.516257
0.516257
0.516257
0.516257
0.516257
0.516257
0.516257
0.516257
0.516257
0.516257
0.516257
0.516257
0.516257
0.516257
0.516257
0.516257
0.516257
0.516257
0.516257
0.516257
0.516257
0.516257
0.516257
0.516257
0.516257
0.516257
0.516257
0.516257
0.516257
0.516257
0.516257
0.516257
0.516257
0.516257
0.516257
0.516257
0.516257
0.516257
0.516257
0.516257
0.516257
0.516257
0.516257
0.516257
0.516257
0.516257
0.516257
0.516257
0.516257
0.516257
0.516257
0.516257
0.516257
0.516257
0.516257
0.516257
0.516257
0.516257
0.516257
0.516257
0.516257
0.516257
0.516257
0.516257
0.516257
0.516257
0.516257
0.516257
0.516257
0.516257
0.516257
0.516257
0.516257
0.516257
0.516257
0.516257
0.516257
0.516257
0.516257
0.516257
0.516257
0.516257
0.516257
0.516257
0.516257
0.516257
0.516257
0.516257
0.516257
0.516257
0.516257
0.516257
0.516257
0.516257
0.516257
0.516257
0.516257
0.516257
0.516257
0.516257
0.516257
0.516257
0.516257
0.516257
0.516257
0.516257
0.516257
0.516257
0.516257
0.516257
0.516257
0.516257
0.516257
0.516257
0.516257
0.516257
0.516257
0.516257
0.516257
0.516257
0.516257
0.516257
0.516257
0.516257
0.516257
0.516257
0.516257
0.516257
0.516257
0.516257
0.516257
0.516257
0.516257
0.516257
0.516257
0.516257
0.516257
0.516257
0.516257
0.516257
0.516257
0.516257
0.516257
0.516257
0.516257
0.516257
0.516257
0.516257
0.516257
0.516257
0.516257
0.516257
0.516257
0.516257
0.516257
0.516257
0.516257
0.516257
0.516257
0.516257
0.516257
0.516257
0.516257
0.516257
0.516257
0.516257
0.516257
0.516257
0.516257
0.516257
0.516257
0.516257
0.516257
0.516257
0.516257
0.516257
0.516257
0.516257
0.516257
0.516257
0.516257
0.516257
0.516257
0.516257
0.516257
0.516257
0.516257
0.516257
0.516257
0.516257
0.516257
0.516257
0.516257
0.516257
0.516257
0.516257
0.516257
0.516257
0.516257
0.516257
0.516257
0.516257
0.516257
0.516257
0.516257
0.516257
0.516257
0.516257
0.516257
0.516257
0.516257
0.516257
0.516257
0.516257
0.516257
0.516257
0.516257
0.516257
0.516257
0.516257
0.516257
0.516257
0.516257
0.516257
0.516257
0.516257
0.516257
0.516257
0.516257
0.516257
0.516257
0.516257
0.516257
0.516257
0.516257
0.516257
0.516257
0.516257
0.516257
0.516257
0.516257
0.516257
0.516257
0.516257
0.516257
0.516257
0.516257
0.516257
0.516257
0.516257
0.516257
0.516257
0.516257
0.516257
0.516257
0.516257
