251.464
165.094
165.094
93.7501
53.5091
40.694
40.694
40.694
40.694
40.694
40.694
40.694
40.694
40.694
40.694
40.694
40.694
25.1594
25.1594
25.1594
25.1594
38.4905
38.4905
25.1594
2.25907
2.25907
2.25907
2.25907
2.25907
2.25907
2.25907
2.25907
2.25907
2.25907
2.25907
2.25907
2.25907
2.25907
2.25907
2.25907
2.25907
2.25907
2.25907
2.25907
2.25907
2.25907
2.25907
2.25907
2.25907
2.25907
2.25907
2.25907
2.25907
2.25907
1.90879
1.90879
1.90879
1.90879
1.90879
1.90879
1.90879
1.90879
1.90879
1.90879
1.90879
1.90879
1.90879
1.90879
1.90879
1.90879
1.90879
1.90879
1.90879
1.90879
1.90879
1.90879
1.90879
1.90879
1.90879
1.90879
1.90879
1.90879
1.85168
1.82795
1.77191
1.7559
1.71772
1.7559
1.53618
1.52029
1.49271
1.42242
1.3948
1.35804
1.3948
1.23971
1.23971
1.2234
1.14304
1.10711
1.07772
1.07772
1.03108
1.00465
1.00465
0.919848
1.00681
0.878745
0.857621
0.852568
0.834274
0.815033
0.741697
0.741697
0.697507
0.685752
0.685752
0.685752
0.664085
0.697507
0.599055
0.58856
0.55339
0.55339
0.552307
0.543825
0.543825
0.485541
0.485541
0.485541
0.440698
0.440698
0.440698
0.440698
0.31937
0.31937
0.31937
0.31937
0.31937
0.31937
0.31937
0.31937
0.310329
0.31937
0.284925
0.284925
0.284925
0.266753
0.249675
0.249675
0.249675
0.249675
0.235529
0.236002
0.217577
0.217577
0.210428
0.200802
0.195898
0.190677
0.195898
0.18096
0.178436
0.176824
0.162326
0.162326
0.15516
0.15516
0.151164
0.147241
0.147241
0.137304
0.132284
0.132284
0.127151
0.127082
0.127082
0.122628
0.116132
0.116132
0.108528
0.108528
0.105268
0.105268
0.103
0.099067
0.099067
0.093831
0.0899602
0.0899602
0.0880749
0.087355
0.087355
0.0852773
0.0816591
0.0785898
0.0755435
0.0744732
0.0744732
0.0744732
0.0738407
0.0738407
0.0703537
0.0678592
0.0654201
0.0654201
0.0654201
0.0637658
0.0637658
0.0610579
0.0593132
0.0581323
0.0577112
0.0559174
0.0559174
0.0559174
0.0536204
0.0524689
0.0520584
0.0514983
0.0494773
0.0487393
0.0494773
0.0476724
0.0469818
0.0469818
0.0464829
0.0443256
0.043463
0.0443256
0.0429174
0.0429174
0.0425971
0.0424292
0.0402056
0.0392788
0.0402056
0.0402056
0.038552
0.038552
0.0380877
0.0380877
0.0370194
0.0370097
0.0360542
0.0360542
0.0355731
0.0353378
0.0346815
0.0344602
0.0344602
0.0344602
0.0334851
0.0331929
0.0331247
0.0331247
0.0325758
0.0325758
0.0319436
0.0319436
0.0319436
0.0314345
0.0310744
0.0306673
0.0306673
0.0306558
0.0304201
0.0304201
0.0300117
0.0294483
0.0291739
0.0291221
0.0291221
0.0288486
0.0288486
0.0285452
0.0285452
0.0280894
0.0280894
0.0280504
0.0279438
0.0276309
0.0276309
0.0274082
0.0272806
0.0272806
0.0270843
0.0269973
0.0269973
0.0268962
0.0268962
0.0267115
0.0264879
0.0263193
0.0262474
0.0262474
0.0262474
0.0262474
0.0259954
0.0259152
0.025819
0.0256456
0.0256456
0.0256456
0.0256456
0.0255814
0.0255511
0.0254059
0.0253263
0.0252102
0.0252102
0.0252102
0.0251159
0.0250981
0.0250392
0.0250021
0.024854
0.024854
0.024854
0.0247728
0.0247724
0.0247724
0.0247694
0.0247267
0.0245691
0.0245691
0.0245636
0.0245636
0.0244867
0.0244867
0.0244213
0.0243541
0.0243541
0.0243239
0.0242772
0.0242772
0.0242772
0.0242576
0.0242083
0.024184
0.024184
0.0241456
0.02413
0.0240814
0.0240814
0.0240814
0.0240814
0.0240358
0.0240019
0.0239966
0.0239907
0.0239884
0.0239711
0.0239711
0.0239179
0.0238881
0.0238881
0.0238881
0.0238881
0.0238819
0.0238243
0.0238243
0.0238242
0.0238207
0.0238044
0.0237988
0.0237988
0.0237498
0.0237498
0.0237498
0.0237498
0.0237498
0.0237365
0.0237277
0.0237277
0.0236916
0.0236829
0.0236829
0.0236829
0.0236829
0.0236829
0.0236829
0.0236533
0.0236506
0.0236481
0.0236428
0.0236428
0.0236335
0.0236335
0.0236179
0.0236049
0.0236049
0.0236049
0.023604
0.023604
0.0235942
0.0235891
0.0235813
0.0235812
0.0235812
0.0235692
0.0235692
0.0235632
0.0235596
0.0235506
0.0234769
0.0234769
0.0234769
0.0234769
0.0234769
0.0234769
0.0234769
0.0234769
0.0234769
0.0234769
0.0234769
0.0234769
0.0234769
0.0234769
0.0234769
0.0234478
0.0234478
0.0234478
0.0234478
0.0234478
0.0234478
0.0234422
0.0234422
0.0234422
0.0234422
0.0234422
0.0234422
0.0234422
0.0234422
0.0234422
0.0234422
0.0234422
0.0234422
0.0234422
0.0234422
0.023386
0.023386
0.023386
0.023386
0.023386
0.023386
0.023386
0.023386
0.023386
0.023386
0.0233538
0.0233538
0.0233538
0.0233538
0.0233538
0.0233538
0.0233538
0.0233538
0.0233538
0.0233538
0.0233538
0.0233538
0.0233538
0.0233538
0.0233538
0.0233538
0.0233538
0.0233538
0.0233538
0.0233538
0.0233538
0.0233538
0.0233732
0.0233538
0.0233538
0.0233425
0.0233425
0.0233425
0.0233425
0.0233425
0.0233391
0.0233391
0.0233391
0.0233391
0.0233391
0.0233132
0.0233132
0.0233132
0.0233132
0.0233132
0.0233132
0.0233132
0.0233132
0.0233132
0.0233132
0.0233014
0.0233014
0.0233014
0.0233014
0.0233014
0.0233014
0.0233014
0.0233014
0.0233014
0.0232861
0.0232949
0.023283
0.023283
0.0232691
0.0232691
0.0232523
0.0232523
0.0232523
0.0232523
0.0232523
0.0232687
0.0232687
0.0232687
0.0232687
0.0232687
0.0232366
0.0232249
0.0232249
0.0232249
0.0232249
0.0232103
0.0232103
0.0232103
0.0232239
0.0232142
0.0231999
0.023184
0.023184
0.0231682
0.0231682
0.0231682
0.0231682
0.0231492
0.0231492
0.0231492
0.0231248
0.0231248
0.0231167
0.0231167
0.0231167
0.0231092
0.0231092
0.0230668
0.0230668
0.0230668
0.0230668
0.0230577
0.0230577
0.0230577
0.0230279
0.0230279
0.0230225
0.0230199
0.0230007
0.0230007
0.0229729
0.0229729
0.0229729
0.0229729
0.022928
0.022928
0.0229005
0.0229005
0.0229005
0.0228861
0.0228861
0.0228861
0.022848
0.0228354
0.022815
0.0228002
0.0227984
0.0227568
0.0227568
0.0227187
0.0227088
0.0227088
0.0226801
0.0226532
0.0226532
0.0226068
0.0225857
0.0225857
0.0225451
0.0225104
0.0225104
0.0225857
0.0224644
0.0224353
0.0223757
0.0223757
0.0223757
0.0222961
0.0222961
0.0222464
0.0222327
0.0222327
0.022215
0.0220941
0.0220941
0.0220534
0.0220534
0.022026
0.0219887
0.0219004
0.0219004
0.0219004
0.0217995
0.0217737
0.0217354
0.02171
0.02171
0.0216008
0.0215088
0.0215088
0.0214882
0.0214831
0.0214831
0.0212532
0.0212532
0.021218
0.021218
0.0211174
0.0209988
0.0209988
0.0209824
0.0209067
0.020861
0.0205487
0.0205487
0.0200938
0.0196907
0.0196907
0.0178769
0.0163459
0.0163459
0.0161676
0.015605
0.0150783
0.0150783
0.0141915
0.0141915
0.0141915
0.0141915
0.0151425
0.0150445
0.0134327
0.0134327
0.0131864
0.0131864
0.0127098
0.0127098
0.0127098
0.0127098
0.0127098
0.0118177
0.0113657
0.0111946
0.0111946
0.0111946
0.010336
0.010336
0.011057
0.00968916
0.00968916
0.0093001
0.00924625
0.00924625
0.00873246
0.00807135
0.00807135
0.00873246
0.00712089
0.007011
0.00698686
0.00698686
0.00643832
0.00557581
0.00643832
0.00523312
0.00523312
0.0046404
0.0046404
0.00394224
0.00394224
0.0038141
0.00320104
0.00320104
0.00320104
0.00320104
0.00218613
0.00218613
0.00201979
0.00201979
0.00181446
0.00181446
0.00148271
0.00148271
0.00148271
0.00148271
0.00148271
0.00148271
0.00144982
0.00125408
0.00125408
0.000847147
0.000847147
0.000847147
0.000323543
0.000323543
0.000323543
0.000323543
0.000323543
0.000148072
0.000148072
0.000148072
0.000148072
0.000148072
0.000148072
0.000148072
0.000148072
0.000148072
0.000148072
0.000148072
0.000148072
8.11613e-05
