281.52
155.237
155.237
109.175
100.195
100.195
100.195
100.195
100.195
100.195
58.5434
58.5434
58.5434
58.5434
58.5434
58.5434
56.2326
24.2077
24.2077
24.2077
24.2077
24.2077
24.2077
24.2077
24.2077
24.2077
24.2077
20.6406
20.6406
20.6406
19.1476
18.8547
18.8547
18.8547
18.8547
18.8547
18.8547
18.8547
13.3959
13.3959
13.3959
13.3959
13.1977
13.1977
4.74635
4.74635
4.74635
4.74635
4.74635
4.74635
2.53078
2.53078
2.53078
2.53078
2.43027
2.43027
2.43027
2.43027
2.43027
2.43027
2.43027
2.43027
2.43027
2.43027
2.43027
2.43027
2.43027
2.43027
2.43027
2.43027
2.43027
2.43027
2.43027
2.43027
2.43027
2.43027
2.43027
2.43027
2.43027
2.43027
2.43027
2.23631
2.23631
1.02691
1.02691
1.02691
1.02691
1.02691
1.02691
1.02691
1.02691
1.02691
1.02691
1.02691
1.02691
1.02691
1.02691
1.02691
1.02691
1.02691
1.02691
1.02691
1.02691
1.02691
0.998601
0.998601
0.962462
0.917231
0.917231
0.842648
0.751394
0.751394
0.751394
0.750784
0.750784
0.719935
0.719935
0.72252
0.72252
0.628529
0.596491
0.596491
0.569153
0.55707
0.55707
0.548997
0.548997
0.519562
0.476335
0.476335
0.468734
0.45346
0.45346
0.45346
0.431802
0.399849
0.382184
0.382184
0.374379
0.3722
0.360047
0.360047
0.360047
0.311148
0.311148
0.308426
0.308426
0.308426
0.299456
0.290263
0.290054
0.290054
0.262444
0.256504
0.250563
0.248399
0.245094
0.238634
0.238634
0.212022
0.212022
0.212022
0.202585
0.200608
0.200608
0.200608
0.182361
0.175912
0.175912
0.170478
0.170478
0.166253
0.166253
0.162016
0.156324
0.149817
0.149817
0.141644
0.139125
0.139125
0.139125
0.135071
0.132493
0.124787
0.124787
0.119227
0.119227
0.118061
0.117725
0.114649
0.118061
0.118061
0.105507
0.10465
0.10201
0.10201
0.0990915
0.0932449
0.0932449
0.0932449
0.0904649
0.0904649
0.0888755
0.0877367
0.0877367
0.0824449
0.0824449
0.0811723
0.0811723
0.0788706
0.0775552
0.073412
0.073412
0.073412
0.0731649
0.0725107
0.0725107
0.0718459
0.0694027
0.0694027
0.0709706
0.0657575
0.0657575
0.0657575
0.0650341
0.0650341
0.0630289
0.0630289
0.0639073
0.0612914
0.0602373
0.0597476
0.0596638
0.0596638
0.0580852
0.0580852
0.0580852
0.057177
0.057177
0.0558253
0.0551037
0.0551037
0.0542936
0.0542936
0.0536288
0.0536288
0.0529316
0.0522176
0.052203
0.0513684
0.051048
0.051048
0.051048
0.051048
0.0500955
0.0500955
0.0499707
0.0498431
0.0488712
0.048587
0.048587
0.048587
0.0484669
0.0478668
0.0478131
0.047445
0.0472508
0.0468758
0.0468758
0.0468758
0.046441
0.0462125
0.0462125
0.0457455
0.0456659
0.0456659
0.0451876
0.0451876
0.0447714
0.0447714
0.0447275
0.0446046
0.0442909
0.0440058
0.0438019
0.0438019
0.0437021
0.0435732
0.0434245
0.043376
0.0430683
0.0430683
0.0429658
0.042726
0.042726
0.0426941
0.042493
0.042493
0.0422311
0.0422311
0.0422311
0.0420538
0.0420538
0.041938
0.0419057
0.0419057
0.0416832
0.0416832
0.0416832
0.0414374
0.0414374
0.0414374
0.041339
0.041339
0.041208
0.041208
0.041072
0.041072
0.0409827
0.0409827
0.0409623
0.0409623
0.0408526
0.0408261
0.0408261
0.0407488
0.040628
0.040628
0.0405988
0.0405655
0.0405196
0.0404356
0.0404356
0.0403704
0.0403616
0.040357
0.0403121
0.0402651
0.0402247
0.0402247
0.0402651
0.040116
0.040116
0.040116
0.040073
0.0400239
0.0399737
0.0399737
0.0399569
0.0399569
0.0399491
0.0399032
0.0398881
0.0398881
0.0399032
0.0398207
0.0398207
0.0397942
0.0397868
0.0397588
0.0397197
0.0397197
0.0397197
0.0397197
0.0396891
0.0396891
0.039672
0.0396714
0.0396714
0.0396434
0.0396251
0.0396251
0.0395914
0.0395914
0.0395914
0.0395768
0.0395737
0.0395768
0.0395494
0.0395429
0.0395429
0.0395162
0.0395162
0.0395162
0.03949
0.03949
0.03949
0.0394872
0.0394696
0.0394669
0.0394669
0.0394669
0.0394435
0.0394435
0.0394472
0.0394283
0.0394283
0.0394266
0.0394222
0.0394222
0.0394072
0.0394072
0.0394072
0.0394008
0.0394008
0.0393896
0.0393896
0.0393896
0.0393896
0.0393896
0.0393896
0.0393785
0.0393896
0.0393749
0.039368
0.039367
0.039367
0.0393627
0.0393583
0.0393583
0.0393583
0.0393627
0.0393454
0.0393454
0.0393454
0.0393454
0.0393395
0.0393395
0.0393389
0.0393389
0.0393329
0.0393317
0.0393389
0.0393252
0.0393214
0.0393214
0.0393208
0.0393182
0.0393165
0.0393165
0.0393145
0.0393123
0.039309
0.0392867
0.0392867
0.0392867
0.0392867
0.0392867
0.0392867
0.0392867
0.0392867
0.0392867
0.0392867
0.0392867
0.0392867
0.0392867
0.0392867
0.0392867
0.0392867
0.0392867
0.0392867
0.0392865
0.0392865
0.0392845
0.0392844
0.0392841
0.0392838
0.0392802
0.0392802
0.0392802
0.0392802
0.0392802
0.0392798
0.0392797
0.0392784
0.0392784
0.0392784
0.0392766
0.0392752
0.0392752
0.0392752
0.0392745
0.0392735
0.0392735
0.0392735
0.0392734
0.039273
0.0392734
0.0392714
0.0392714
0.0392614
0.0392614
0.0392614
0.0392614
0.0392614
0.0392614
0.0392614
0.0392614
0.0392614
0.0392614
0.0392614
0.0392614
0.0392614
0.0392614
0.0392614
0.0392614
0.0392614
0.0392614
0.0392614
0.0392614
0.0392614
0.0392614
0.0392614
0.0392614
0.0392614
0.0392614
0.0392614
0.0392608
0.0392608
0.0392608
0.039257
0.039257
0.039257
0.039257
0.0392567
0.0392567
0.0392567
0.0392563
0.0392563
0.0392563
0.0392563
0.0392563
0.0392563
0.0392563
0.0392558
0.0392552
0.0392552
0.0392543
0.0392542
0.0392542
0.0392542
0.0392542
0.0392542
0.0392542
0.0392542
0.0392515
0.0392515
0.0392515
0.0392515
0.0392515
0.0392515
0.0392515
0.0392515
0.0392515
0.0392515
0.0392515
0.0392515
0.0392515
0.0392515
0.0392515
0.0392515
0.0392515
0.0392515
0.0392515
0.0392515
0.0392515
0.0392515
0.0392504
0.0392504
0.0392504
0.0392504
0.0392504
0.0392504
0.0392504
0.0392504
0.0392504
0.0392504
0.0392504
0.0392504
0.0392504
0.0392504
0.0392504
0.0392504
0.0392502
0.0392502
0.03925
0.03925
0.03925
0.03925
0.0392498
0.0392498
0.0392498
0.0392498
0.0392498
0.0392498
0.0392498
0.0392498
0.0392498
0.0392498
0.0392498
0.0392498
0.0392498
0.0392498
0.0392498
0.0392498
0.0392498
0.0392498
0.0392498
0.0392498
0.0392498
0.0392498
0.0392498
0.0392498
0.0392498
0.0392498
0.0392498
0.0392498
0.0392498
0.0392498
0.0392498
0.0392498
0.0392498
0.0392498
0.0392498
0.0392498
0.0392498
0.0392498
0.0392498
0.0392498
0.0392498
0.0392498
0.0392498
0.0392498
0.0392498
0.0392498
0.0392498
0.0392498
0.0392498
0.0392498
0.0392498
0.0392498
0.0392498
0.0392498
0.0392498
0.0392498
0.0392498
0.0392498
0.0392498
0.0392498
0.0392498
0.0392498
0.0392498
0.0392498
0.0392498
0.0392498
0.0392498
0.0392498
0.0392498
0.0392498
0.0392498
0.0392498
0.0392498
0.0392498
0.0392498
0.0392498
0.0392498
0.0392498
0.0392498
0.0392498
0.0392498
0.0392498
0.0392498
0.0392498
0.0392498
0.0392498
0.0392498
0.0392498
0.0392498
0.0392498
0.0392498
0.0392498
0.0392498
0.0392498
0.0392498
0.0392498
0.0392498
0.0392498
0.0392498
0.0392498
0.0392498
0.0392498
0.0392498
0.0392498
0.0392498
0.0392498
0.0392498
0.0392498
0.0392498
0.0392498
0.0392498
0.0392498
0.0392498
0.0392498
0.0392498
0.0392498
0.0392498
0.0392498
0.0392498
0.0392498
0.0392498
0.0392498
0.0392498
0.0392498
0.0392498
0.0392498
0.0392498
0.0392498
0.0392498
0.0392498
0.0392498
0.0392498
0.0392498
0.0392498
0.0392498
0.0392498
0.0392498
0.0392498
0.0392498
0.0392498
0.0392498
0.0392498
0.0392498
0.0392498
0.0392498
0.0392498
0.0392498
0.0392498
0.0392498
0.0392498
0.0392498
0.0392498
0.0392498
0.0392498
0.0392498
0.0392498
0.0392498
0.0392498
0.0392498
0.0392498
0.0392498
0.0392498
0.0392498
0.0392498
0.0392498
0.0392498
0.0392498
0.0392498
0.0392498
0.0392498
0.0392498
0.0392498
0.0392498
0.0392498
0.0392498
0.0392498
0.0392498
0.0392498
0.0392498
0.0392498
0.0392498
0.0392498
0.0392498
0.0392498
0.0392498
0.0392498
0.0392498
0.0392498
0.0392498
0.0392498
0.0392498
0.0392498
0.0392498
0.0392498
0.0392498
0.0392498
0.0392498
0.0392498
0.0392498
0.0392498
0.0392498
0.0392498
0.0392498
0.0392498
0.0392498
0.0392498
0.0392498
0.0392498
0.0392498
0.0392498
0.0392498
0.0392498
0.0392498
0.0392498
0.0392498
0.0392498
0.0392498
0.0392498
0.0392498
0.0392498
0.0392498
0.0392498
0.0392498
0.0392498
0.0392498
0.0392498
0.0392498
0.0392498
0.0392498
0.0392498
0.0392498
0.0392498
0.0392498
0.0392498
0.0392498
0.0392498
0.0392498
0.0392498
0.0392498
0.0392498
0.0392498
0.0392498
0.0392498
0.0392498
0.0392498
0.0392498
0.0392498
0.0392286
0.0392498
0.0391787
0.0391787
0.0391743
0.0391496
0.0383289
0.0383289
0.0383289
0.0383289
0.0383289
0.0383289
0.0383289
0.0383289
0.0383289
0.0383289
0.0383289
0.0383289
0.0383289
0.0383289
0.0383289
0.0383289
0.0383289
0.0379835
0.0379835
0.0379835
0.0379835
0.0379835
0.0379835
0.0379835
0.0379835
0.0379835
0.0379835
0.0379835
0.0379835
0.037611
0.037611
0.037611
0.037611
0.037611
0.037611
0.037611
0.037611
0.037611
0.037611
0.037611
0.037611
0.0371696
0.0371696
0.0371696
0.0371696
0.0371696
0.0371696
0.0371696
0.0371696
0.0371696
0.0371696
0.0371696
0.0371696
0.0371696
0.0371696
0.0371696
0.0368189
0.0368189
0.0368189
0.0368189
0.0368189
0.0368189
0.0366172
0.0364774
0.0364774
0.0364774
0.0364709
0.0364709
0.0360579
0.0360579
0.0360579
0.0359521
0.0359521
0.0359521
0.0356815
0.0356815
0.035625
0.035625
0.035599
0.0352317
0.0350759
0.0350759
0.0350759
0.0350759
0.0349169
0.0345946
0.0345946
0.0345946
0.0345294
0.0342824
0.0342824
0.0342824
0.0341653
0.0339498
0.0338518
0.0335366
0.0335366
0.0333151
0.0333151
0.0333151
0.0331483
0.0331483
0.032765
0.032765
0.0325264
0.0325264
0.0325264
0.0325264
0.0327316
0.0323653
0.0323653
0.0323653
0.0323653
0.0323653
0.0323653
0.0323653
0.0323653
0.0323653
0.0323653
0.0323653
0.0323653
0.0323653
0.0323653
0.0323653
0.0323653
0.0323653
0.0323653
0.0323653
0.0323653
0.0323653
0.0323653
0.0323653
0.0321047
0.0321047
0.0321047
0.0321047
0.0321047
0.0321047
0.0321047
0.0321047
0.0321047
0.0321047
0.0321047
0.0321047
0.0321047
0.0321047
0.0321047
0.0321047
0.0321047
0.0321047
0.0321047
0.0321047
0.032095
0.032095
0.032095
0.032095
0.032095
0.032095
0.032095
0.032095
0.032095
0.032095
0.032095
0.032095
0.032095
0.032095
0.032095
0.032095
0.032095
0.0320611
0.0320611
0.0320611
0.0320611
0.0320611
0.0320611
0.0320611
0.0320611
0.0320611
0.0320611
0.0320611
0.0320611
0.0320611
0.0320611
0.0320611
0.0320611
0.0320611
0.0320611
0.0320611
0.0320611
0.0320611
0.0320611
0.0320611
0.0320611
0.0320611
0.0320611
0.0320611
0.0320611
0.0320611
0.0320611
0.0320611
0.0320611
0.0320611
0.0320611
0.0320611
0.0320611
0.0320611
0.0320611
0.0320452
0.0320452
0.0320452
0.0320452
0.0320452
0.0320452
0.0320452
0.0320452
0.0320452
0.0320452
0.0320452
0.0320452
0.0320452
0.0320452
0.0320452
0.0320452
0.0320452
0.0320452
0.0320452
0.0320452
0.0320452
0.0320452
0.0320452
0.0320452
0.032037
0.032037
0.032037
0.032037
0.032037
0.032037
0.032037
0.032037
0.032037
0.032037
0.032037
0.032037
0.032037
0.032037
0.0320314
0.0320314
0.0320314
0.0320314
0.0320314
0.0320314
0.0320314
0.0320314
0.0320314
0.0320314
0.0320314
0.0320314
0.0320314
0.0320314
0.0320306
0.0320306
0.0320263
0.0320263
0.0320263
0.0320263
0.0320263
0.0320263
0.0320263
0.0320263
0.0320263
0.0320263
0.0320263
0.0320263
0.0320263
0.0320263
0.0320263
0.0320263
0.0320263
0.0320263
0.0320263
0.0320263
0.0320263
0.0320263
0.0320263
0.0320263
0.0320263
0.0320262
0.0320262
0.0320248
0.0320248
0.0320248
0.0320245
0.0320245
0.0320245
0.0320245
0.0320245
0.0320245
0.0320245
0.0320227
0.0320227
0.0320218
0.0320218
0.0320218
0.0320218
0.0320218
0.0320218
0.0320218
0.0320218
0.0320218
0.0320212
0.0320212
0.0320212
0.0320212
0.0320208
0.03202
0.03202
0.03202
0.0320197
0.0320197
0.0320197
0.0320197
0.0320197
0.0320197
0.0320197
0.0320197
0.0320197
0.0320197
0.0320197
0.0320197
0.0320197
0.0320197
0.0320197
0.0320197
0.0320129
0.0320129
0.0320129
0.0320129
0.0320129
0.0320129
0.0320129
0.0320129
0.0320129
0.0320129
0.0320129
0.0320129
0.0320129
0.0320129
0.0320129
0.0320129
0.0320129
0.0320129
0.0320129
0.0320129
0.0320129
0.0320129
0.0320129
0.0320129
0.0320129
0.0320129
0.0320129
0.0320129
0.0320129
0.0320129
0.0320129
0.0320129
0.0320129
0.0320129
0.0320129
0.0320129
0.0320129
0.0320129
0.0320129
0.0320129
0.0320129
0.0320129
0.0320129
0.0320129
0.0320129
0.0320129
0.0320129
0.0320129
0.0320129
0.0320129
0.0320129
0.0320129
0.0320129
0.0320129
0.0320129
0.0320129
0.0320129
0.0320129
0.0320129
0.0320129
0.0320129
0.0320129
0.0320129
0.0320129
0.0320129
0.0320129
0.0320129
0.0320129
0.0320129
0.0320129
0.0320129
0.0320129
0.0320129
0.0320129
0.0320129
0.0320129
0.0320129
0.0320129
0.0320129
0.0320129
0.0320129
0.0320129
0.0320129
0.0320129
0.0320129
0.0320129
0.0320129
0.0320129
0.0320129
0.0320129
0.0320129
0.0320129
0.0320129
0.0320129
0.0320129
0.0320129
0.0320129
0.0320129
0.0320129
0.0320129
0.0320129
0.0320129
0.0320129
0.0320129
0.0320129
0.0320129
0.0320129
0.0320129
0.0320129
0.0320129
0.0320129
0.0320129
0.0320129
0.0320129
0.0320129
0.0320129
0.0320129
0.0320129
0.0320129
0.0320129
0.0320129
0.0320129
0.0320129
0.0320129
0.0320129
0.0320129
0.0320129
0.0320129
0.0320129
0.0320129
0.0320129
0.0320129
0.0320129
0.0320129
0.0320129
0.0320129
0.0320129
0.0320129
0.0320129
0.0320129
0.0320129
0.0320129
0.0320129
0.0320129
0.0320129
0.0320129
0.0320129
0.0320129
0.0320129
0.0320129
0.0320129
0.0320129
0.0320129
0.0320129
0.0320129
0.0320129
0.0320129
0.0320129
0.0320129
0.0320129
0.0320129
0.0320129
0.0320129
0.0320129
0.0320129
0.0320129
0.0320129
0.0320129
0.0320129
0.0320129
0.0320129
0.0320129
0.0320129
0.0320129
0.0320129
0.0320129
0.0320129
0.0320129
0.0320129
0.0320129
0.0320129
0.0320129
0.0320129
0.0320129
0.0320129
0.0320129
0.0320129
0.0320129
0.0320129
0.0320129
0.0320129
0.0320129
0.0320129
0.0320129
0.0320129
0.0320129
0.0320129
0.0320129
0.0320129
0.0320129
0.0320129
0.0320129
0.0320129
0.0320129
0.0320129
0.0320129
0.0320129
0.0320129
0.0320129
0.0320129
0.0320129
0.0320129
0.0320129
0.0320129
0.0320129
0.0320129
0.0320129
0.0320129
0.0320129
0.0320129
0.0320129
0.0320129
0.0320129
0.0320129
0.0320129
0.0320129
0.0320129
0.0320129
0.0320129
0.0320129
0.0320129
0.0320129
0.0320129
0.0320129
0.0320129
0.0320129
0.0320129
0.0320129
0.0320129
0.0320129
0.0320129
0.0320129
0.0320129
0.0320129
0.0320129
0.0320129
0.0320129
0.0320129
0.0320129
0.0320129
0.0320129
0.0320129
0.0320129
0.0320129
0.0320129
0.0320129
0.0320129
0.0320129
0.0320129
0.0320129
0.0320129
0.0320129
0.0320129
0.0320129
0.0320129
0.0320129
0.0320129
0.0320129
0.0320129
0.0320129
0.0320129
0.0320129
0.0320129
0.0320129
0.0320129
0.0320129
0.0320129
0.0320129
0.0320129
0.0320129
0.0320129
0.0320129
0.0320129
0.0320129
0.0320129
0.0320129
0.0320129
0.0320129
0.0320129
0.0320129
0.0320129
0.0320129
0.0320129
0.0320129
0.0320129
0.0320129
0.0320129
0.0320129
0.0320129
0.0320129
0.0320129
0.0320129
0.0320129
0.0320129
0.0320129
0.0320129
0.0320129
0.0320129
0.0320129
0.0320129
0.0320129
0.0320129
0.0320129
0.0320129
0.0320129
0.0320129
0.0320129
0.0320129
0.0320129
0.0320129
0.0320129
0.0320129
0.0320129
0.0320129
0.0320129
0.0320129
0.0320129
0.0320129
0.0320129
0.0320129
0.0320129
0.0320129
0.0320129
0.0320129
0.0320129
0.0320129
0.0320129
0.0320129
0.0320129
0.0320129
0.0320129
0.0320129
0.0320129
0.0320129
0.0320129
0.0320129
0.0320129
0.0320129
0.0320129
0.0320129
0.0320129
0.0320129
0.0320129
0.0320129
0.0320129
0.0320129
0.0320129
0.0320129
0.0320129
0.0320129
0.0320129
0.0320129
0.0320129
0.0320129
0.0320129
0.0320129
0.0320124
0.0320124
0.0320124
0.0320124
0.0320124
0.0320124
0.0320124
0.0320124
0.0320124
0.0320121
0.0320121
0.0320121
0.0320121
0.0320121
0.0320121
0.0320121
0.0320121
0.0320121
0.0320121
0.0320121
0.0320121
0.0320121
0.0320121
0.0320121
0.0320121
0.0320121
0.0320121
0.0320121
0.0320121
0.0320121
0.0320121
0.0320121
0.0320121
0.0320121
0.0320121
0.0320121
0.0320121
0.0320121
0.0320121
0.0320121
0.0320121
0.0320121
0.0320121
0.0320121
0.0320121
0.0320121
0.0320121
0.0320121
0.0320121
0.0320121
0.0320121
0.0320121
0.0320121
0.0320121
0.0320121
0.0320121
0.0320121
0.0320121
0.0320121
0.0320121
0.0320121
0.0320121
0.0320121
0.0320121
0.0320121
0.0320121
0.0320121
0.0320121
0.0320121
0.0320121
0.0320121
0.0320121
0.0320121
0.0320121
0.0320121
0.0320121
0.0320121
0.0320121
0.0320121
0.0320121
0.0320121
0.0320121
0.0320121
0.0320121
0.0320121
0.0320121
0.0320121
0.0320121
0.0320121
0.0320121
0.0320121
0.0320121
0.0320121
0.0320121
0.0320121
0.0320121
0.0320121
0.0320121
0.0320121
0.0320121
0.0320121
0.0320121
0.0320121
0.0320121
0.0320121
0.0320121
0.0320121
0.0320121
0.0320121
0.0320121
0.0320121
0.0320121
0.0320121
0.0320121
0.0320121
0.0320121
0.0320121
0.0320121
0.0320121
0.0320121
0.0320121
0.0320121
0.0320121
0.0320121
0.0320121
0.0320121
0.0320121
0.0320121
0.0320121
0.0320121
0.0320121
0.0320121
0.0320121
0.0320121
0.0320121
0.0320121
0.0320121
0.0320121
0.0320121
0.0320121
0.0320121
0.0320121
0.0320121
0.0320121
0.0320121
0.0320121
0.0320121
0.0320121
0.0320121
0.0320121
0.0320121
0.0320121
0.0320121
0.0320121
0.0320121
0.0320121
0.0320121
0.0320121
0.0320121
0.0320121
0.0320121
0.0320121
0.0320121
0.0320121
0.0320121
0.0320121
0.0320121
0.0320121
0.0320121
0.0320121
0.0320121
0.0320121
0.0320121
0.0320121
0.0320121
0.0320121
0.0320121
0.0320121
0.0320121
0.0320121
0.0320121
0.0320121
0.0320121
0.0320121
0.0320121
0.0320121
0.0320121
0.0320121
0.0320121
0.0320121
0.0320121
0.0320121
0.0320121
0.0320121
0.0320121
0.0320121
0.0320121
0.0320121
0.0320121
0.0320121
0.0320121
0.0320121
0.0320121
0.0320121
0.0320121
0.0320121
0.0320121
0.0320121
0.0320121
0.0320121
0.0320121
0.0320121
0.0320121
0.0320121
0.0320121
0.0320121
0.0320121
0.0320121
0.0320121
0.0320121
0.0320121
0.0320121
0.0320121
0.0320121
0.0320121
0.0320121
0.0320121
0.0320121
0.0320121
0.0320121
0.0320121
0.0320121
0.0320121
0.0320121
0.0320121
0.0320121
0.0320121
0.0320121
0.0320121
0.0320121
0.0320121
0.0320121
0.0320121
0.0320121
0.0320121
0.0320121
0.0320121
0.0320121
0.0320121
0.0320121
0.0320121
0.0320121
0.0320121
0.0320121
0.0320121
0.0320121
0.0320121
0.0320121
0.0320121
0.0320121
0.0320121
0.0320121
0.0320121
0.0320121
0.0320121
0.0320121
0.0320121
0.0320121
0.0320121
0.0320121
0.0320121
0.0320121
0.0320121
0.0320121
0.0320121
0.0320121
0.0320121
0.0320121
0.0320121
0.0320121
0.0320121
0.0320121
0.0320121
0.0320121
0.0320121
0.0320121
0.0320121
0.0320121
0.0320121
0.0320121
0.0320121
0.0320121
0.0320121
0.0320121
0.0320121
0.0320121
0.0320121
0.0320121
0.0320121
0.0320121
0.0320121
0.0320121
0.0320121
0.0320121
0.0320121
0.0320121
0.0320121
0.0320121
0.0320121
0.0320121
0.0320121
0.0320121
0.0320121
0.0320121
0.0320121
0.0320121
0.0320121
0.0320121
0.0320121
0.0320121
0.0320121
0.0320121
0.0320121
0.0320121
0.0320121
0.0320121
0.0320121
0.0320121
0.0320121
0.0320121
0.0320121
0.0320121
0.0320121
0.0320121
0.0320121
0.0320121
0.0320121
0.0320121
0.0320121
0.0320121
0.0320121
0.0320121
0.0320121
0.0320121
0.0320121
0.0320121
0.0320121
0.0320121
0.0320121
0.0320121
0.0320121
0.0320121
0.0320121
0.0320121
0.0320121
0.0320121
0.0320121
0.0320121
0.0320121
0.0320121
0.0320121
0.0320121
0.0320121
0.0320121
0.0320121
0.0320121
0.0320121
0.0320121
0.0320121
0.0320121
0.0320121
0.0320121
0.0320121
0.0320121
0.0320121
0.0320121
0.0320121
0.0320121
0.0320121
0.0320121
0.0320121
0.0320121
0.0320121
0.0320121
0.0320121
0.0320121
0.0320121
0.0320121
0.0320121
0.0320121
0.0320121
0.0320121
0.0320121
0.0320121
0.0320121
0.0320121
0.0320121
0.0320121
0.0320121
0.0320121
0.0320121
0.0320121
0.0320121
0.0320121
0.0320121
0.0320121
0.0320121
0.0320121
0.0320121
0.0320121
0.0320121
0.0320121
0.0320121
0.0320121
0.0320121
0.0320121
0.0320121
0.0320121
0.0320121
0.0320121
0.0320121
0.0320121
0.0320121
0.0320121
0.0320121
0.0320121
0.0320121
0.0320121
0.0320121
0.0320121
0.0320121
0.0320121
0.0320121
0.0320121
0.0320121
0.0320121
0.0320121
0.0320121
0.0320121
0.0320121
0.0320121
0.0320121
0.0320121
0.0320121
0.0320121
0.0320121
0.0320121
0.0320121
0.0320121
0.0320121
0.0320121
0.0320121
0.0320121
0.0320121
0.0320121
0.0320121
0.0320121
0.0320121
0.0320121
0.0320121
0.0320121
